<?xml version="1.0" encoding="UTF-8"?>
<testsuites tests="1" failures="0" errors="0" skipped="0">
  <testsuite name="Login tests" timestamp="2024-11-19T22:09:38" time="7.165" tests="1" failures="0" errors="0" skipped="0">
    <properties>
      <property name="specId" value="0"/>
      <property name="suiteName" value="Login tests"/>
      <property name="capabilities" value="chrome.131_0_6778_70.mac"/>
      <property name="file" value="file://./test/specs/login.spec.ts"/>
    </properties>
    <testcase classname="chrome.131_0_6778_70.mac.Login_tests" name="Product test" time="7.161">
      <system-out><![CDATA[
COMMAND: POST /session/a8887b9bdbe6dfde23ddc46937a0344a/element/f.076A4E6F11AAE3023DC13C829048D804.d.0DBE414CA015C5ACE75E262EBF23014E.e.3/clear - {}
RESULT: {}
COMMAND: POST /session/a8887b9bdbe6dfde23ddc46937a0344a/element/f.076A4E6F11AAE3023DC13C829048D804.d.0DBE414CA015C5ACE75E262EBF23014E.e.3/value - {"text":"standard_user"}
RESULT: {"text":"standard_user"}
COMMAND: POST /session/a8887b9bdbe6dfde23ddc46937a0344a/element/f.076A4E6F11AAE3023DC13C829048D804.d.0DBE414CA015C5ACE75E262EBF23014E.e.5/clear - {}
RESULT: {}
COMMAND: POST /session/a8887b9bdbe6dfde23ddc46937a0344a/element/f.076A4E6F11AAE3023DC13C829048D804.d.0DBE414CA015C5ACE75E262EBF23014E.e.5/value - {"text":"secret_sauce"}
RESULT: {"text":"secret_sauce"}
COMMAND: POST /session/a8887b9bdbe6dfde23ddc46937a0344a/element/f.076A4E6F11AAE3023DC13C829048D804.d.0DBE414CA015C5ACE75E262EBF23014E.e.6/click - {}
RESULT: {}
COMMAND: GET /session/a8887b9bdbe6dfde23ddc46937a0344a/element/f.076A4E6F11AAE3023DC13C829048D804.d.0DBE414CA015C5ACE75E262EBF23014E.e.37/text - {}
COMMAND: GET /session/a8887b9bdbe6dfde23ddc46937a0344a/element/f.076A4E6F11AAE3023DC13C829048D804.d.0DBE414CA015C5ACE75E262EBF23014E.e.38/text - {}
COMMAND: GET /session/a8887b9bdbe6dfde23ddc46937a0344a/element/f.076A4E6F11AAE3023DC13C829048D804.d.0DBE414CA015C5ACE75E262EBF23014E.e.39/text - {}
RESULT: {}
COMMAND: GET /session/a8887b9bdbe6dfde23ddc46937a0344a/element/f.076A4E6F11AAE3023DC13C829048D804.d.0DBE414CA015C5ACE75E262EBF23014E.e.40/text - {}
RESULT: {}
RESULT: {}
RESULT: {}
COMMAND: GET /session/a8887b9bdbe6dfde23ddc46937a0344a/element/f.076A4E6F11AAE3023DC13C829048D804.d.0DBE414CA015C5ACE75E262EBF23014E.e.41/text - {}
COMMAND: GET /session/a8887b9bdbe6dfde23ddc46937a0344a/element/f.076A4E6F11AAE3023DC13C829048D804.d.0DBE414CA015C5ACE75E262EBF23014E.e.42/text - {}
RESULT: {}
RESULT: {}
COMMAND: GET /session/a8887b9bdbe6dfde23ddc46937a0344a/element/f.076A4E6F11AAE3023DC13C829048D804.d.0DBE414CA015C5ACE75E262EBF23014E.e.43/text - {}
RESULT: {}
COMMAND: GET /session/a8887b9bdbe6dfde23ddc46937a0344a/element/f.076A4E6F11AAE3023DC13C829048D804.d.0DBE414CA015C5ACE75E262EBF23014E.e.37/text - {}
COMMAND: GET /session/a8887b9bdbe6dfde23ddc46937a0344a/element/f.076A4E6F11AAE3023DC13C829048D804.d.0DBE414CA015C5ACE75E262EBF23014E.e.38/text - {}
RESULT: {}
COMMAND: GET /session/a8887b9bdbe6dfde23ddc46937a0344a/element/f.076A4E6F11AAE3023DC13C829048D804.d.0DBE414CA015C5ACE75E262EBF23014E.e.39/text - {}
RESULT: {}
RESULT: {}
COMMAND: GET /session/a8887b9bdbe6dfde23ddc46937a0344a/element/f.076A4E6F11AAE3023DC13C829048D804.d.0DBE414CA015C5ACE75E262EBF23014E.e.40/text - {}
COMMAND: GET /session/a8887b9bdbe6dfde23ddc46937a0344a/element/f.076A4E6F11AAE3023DC13C829048D804.d.0DBE414CA015C5ACE75E262EBF23014E.e.41/text - {}
COMMAND: GET /session/a8887b9bdbe6dfde23ddc46937a0344a/element/f.076A4E6F11AAE3023DC13C829048D804.d.0DBE414CA015C5ACE75E262EBF23014E.e.42/text - {}
RESULT: {}
RESULT: {}
RESULT: {}
COMMAND: POST /session/a8887b9bdbe6dfde23ddc46937a0344a/element/f.076A4E6F11AAE3023DC13C829048D804.d.0DBE414CA015C5ACE75E262EBF23014E.e.44/click - {}
RESULT: {}
COMMAND: DELETE /session/a8887b9bdbe6dfde23ddc46937a0344a - {}
RESULT: {}
]]></system-out>
    </testcase>
  </testsuite>
</testsuites>