<?xml version="1.0" encoding="UTF-8"?>
<testsuites tests="1" failures="1" errors="0" skipped="0">
  <testsuite name="Login tests" timestamp="2024-11-19T22:07:31" time="90.254" tests="1" failures="1" errors="0" skipped="0">
    <properties>
      <property name="specId" value="0"/>
      <property name="suiteName" value="Login tests"/>
      <property name="capabilities" value="chrome.131_0_6778_70.mac"/>
      <property name="file" value="file://./test/specs/login.spec.ts"/>
    </properties>
    <testcase classname="chrome.131_0_6778_70.mac.Login_tests" name="Product test" time="90.215">
      <failure message="Timeout of 60000ms exceeded. The execution in the test &quot;Login tests Product test&quot; took too long. Try to reduce the run time or increase your timeout for test specs (https://webdriver.io/docs/timeouts). (/Users/voropa/Test_Automation/QAJ12_onl/WDIO_Saucedemo/test/specs/login.spec.ts)"/>
      <system-out><![CDATA[
COMMAND: POST /session/79bcdbc6cd0547f6ea29d004a228cb4b/element/f.CB2020FA56D752B20AB458035C6118B9.d.B3648618BD310AACE8A0BA7A22395FAA.e.3/clear - {}
RESULT: {}
COMMAND: POST /session/79bcdbc6cd0547f6ea29d004a228cb4b/element/f.CB2020FA56D752B20AB458035C6118B9.d.B3648618BD310AACE8A0BA7A22395FAA.e.3/value - {"text":"standard_user"}
RESULT: {"text":"standard_user"}
COMMAND: POST /session/79bcdbc6cd0547f6ea29d004a228cb4b/element/f.CB2020FA56D752B20AB458035C6118B9.d.B3648618BD310AACE8A0BA7A22395FAA.e.5/clear - {}
RESULT: {}
COMMAND: POST /session/79bcdbc6cd0547f6ea29d004a228cb4b/element/f.CB2020FA56D752B20AB458035C6118B9.d.B3648618BD310AACE8A0BA7A22395FAA.e.5/value - {"text":"secret_sauce"}
RESULT: {"text":"secret_sauce"}
COMMAND: POST /session/79bcdbc6cd0547f6ea29d004a228cb4b/element/f.CB2020FA56D752B20AB458035C6118B9.d.B3648618BD310AACE8A0BA7A22395FAA.e.6/click - {}
RESULT: {}
COMMAND: GET /session/79bcdbc6cd0547f6ea29d004a228cb4b/element/f.CB2020FA56D752B20AB458035C6118B9.d.B3648618BD310AACE8A0BA7A22395FAA.e.36/text - {}
COMMAND: GET /session/79bcdbc6cd0547f6ea29d004a228cb4b/element/f.CB2020FA56D752B20AB458035C6118B9.d.B3648618BD310AACE8A0BA7A22395FAA.e.37/text - {}
RESULT: {}
COMMAND: GET /session/79bcdbc6cd0547f6ea29d004a228cb4b/element/f.CB2020FA56D752B20AB458035C6118B9.d.B3648618BD310AACE8A0BA7A22395FAA.e.38/text - {}
RESULT: {}
COMMAND: GET /session/79bcdbc6cd0547f6ea29d004a228cb4b/element/f.CB2020FA56D752B20AB458035C6118B9.d.B3648618BD310AACE8A0BA7A22395FAA.e.39/text - {}
RESULT: {}
COMMAND: GET /session/79bcdbc6cd0547f6ea29d004a228cb4b/element/f.CB2020FA56D752B20AB458035C6118B9.d.B3648618BD310AACE8A0BA7A22395FAA.e.40/text - {}
RESULT: {}
COMMAND: GET /session/79bcdbc6cd0547f6ea29d004a228cb4b/screenshot - {}
RESULT: {}
COMMAND: DELETE /session/79bcdbc6cd0547f6ea29d004a228cb4b - {}
RESULT: {}
]]></system-out>
      <system-err><![CDATA[
Error: Timeout of 60000ms exceeded. The execution in the test "Login tests Product test" took too long. Try to reduce the run time or increase your timeout for test specs (https://webdriver.io/docs/timeouts). (/Users/voropa/Test_Automation/QAJ12_onl/WDIO_Saucedemo/test/specs/login.spec.ts)
    at createTimeoutError (/Users/voropa/Test_Automation/QAJ12_onl/WDIO_Saucedemo/node_modules/mocha/lib/errors.js:498:15)
    at Runnable._timeoutError (/Users/voropa/Test_Automation/QAJ12_onl/WDIO_Saucedemo/node_modules/mocha/lib/runnable.js:429:10)
    at Timeout.<anonymous> (/Users/voropa/Test_Automation/QAJ12_onl/WDIO_Saucedemo/node_modules/mocha/lib/runnable.js:244:24)
    at listOnTimeout (node:internal/timers:569:17)
    at process.processTimers (node:internal/timers:512:7)
]]></system-err>
    </testcase>
  </testsuite>
</testsuites>